\BOOKMARK [0][-]{chapter.1}{\376\377\000I\000n\000t\000r\000o\000d\000u\000c\000t\000i\000o\000n}{}% 1
\BOOKMARK [1][-]{section.1.1}{\376\377\000C\000o\000n\000t\000e\000x\000t\000e}{chapter.1}% 2
\BOOKMARK [1][-]{section.1.2}{\376\377\000P\000r\000o\000b\000l\000\351\000m\000a\000t\000i\000q\000u\000e}{chapter.1}% 3
\BOOKMARK [1][-]{section.1.3}{\376\377\000D\000\351\000m\000a\000r\000c\000h\000e\000\040\000e\000t\000\040\000c\000o\000n\000t\000r\000i\000b\000u\000t\000i\000o\000n\000s}{chapter.1}% 4
\BOOKMARK [1][-]{section.1.4}{\376\377\000O\000r\000g\000a\000n\000i\000s\000a\000t\000i\000o\000n\000\040\000d\000u\000\040\000r\000a\000p\000p\000o\000r\000t}{chapter.1}% 5
\BOOKMARK [0][-]{chapter.2}{\376\377\000N\000o\000t\000i\000o\000n\000s\000\040\000P\000r\000\351\000l\000i\000m\000i\000n\000a\000i\000r\000e\000s}{}% 6
\BOOKMARK [1][-]{section.2.1}{\376\377\000L\000e\000s\000\040\000r\000\351\000s\000e\000a\000u\000x\000\040\000d\000e\000\040\000n\000e\000u\000r\000o\000n\000e\000s\000\040\000a\000r\000t\000i\000f\000i\000c\000i\000e\000l\000s}{chapter.2}% 7
\BOOKMARK [1][-]{section.2.2}{\376\377\000P\000a\000r\000a\000m\000\350\000t\000r\000e\000s\000\040\000e\000t\000\040\000p\000o\000i\000d\000s\000\040\000d\000u\000\040\000r\000\351\000s\000e\000a\000u}{chapter.2}% 8
\BOOKMARK [1][-]{section.2.3}{\376\377\000L\000a\000\040\000b\000o\000u\000c\000l\000e\000\040\000d\000'\000e\000n\000t\000r\000a\000\356\000n\000e\000m\000e\000n\000t}{chapter.2}% 9
\BOOKMARK [2][-]{subsection.2.3.1}{\376\377\000L\000a\000\040\000f\000o\000n\000c\000t\000i\000o\000n\000\040\000d\000e\000\040\000p\000e\000r\000t\000e}{section.2.3}% 10
\BOOKMARK [2][-]{subsection.2.3.2}{\376\377\000L\000a\000\040\000d\000e\000s\000c\000e\000n\000t\000e\000\040\000d\000e\000\040\000g\000r\000a\000d\000i\000e\000n\000t\000\040\000e\000t\000\040\000l\000'\000o\000p\000t\000i\000m\000i\000s\000e\000u\000r}{section.2.3}% 11
\BOOKMARK [1][-]{section.2.4}{\376\377\000H\000y\000p\000e\000r\000p\000a\000r\000a\000m\000\350\000t\000r\000e\000s\000\040\000c\000l\000\351\000s}{chapter.2}% 12
\BOOKMARK [1][-]{section.2.5}{\376\377\000S\000o\000u\000s\000-\000a\000p\000p\000r\000e\000n\000t\000i\000s\000s\000a\000g\000e\000,\000\040\000s\000u\000r\000-\000a\000p\000p\000r\000e\000n\000t\000i\000s\000s\000a\000g\000e\000\040\000e\000t\000\040\000g\000\351\000n\000\351\000r\000a\000l\000i\000s\000a\000t\000i\000o\000n}{chapter.2}% 13
\BOOKMARK [1][-]{section.2.6}{\376\377\000L\000e\000s\000\040\000d\000i\000f\000f\000\351\000r\000e\000n\000t\000e\000s\000\040\000d\000i\000m\000e\000n\000s\000i\000o\000n\000s\000\040\000d\000u\000\040\000c\000o\000\373\000t\000\040\000e\000n\000\040\000a\000p\000p\000r\000e\000n\000t\000i\000s\000s\000a\000g\000e\000\040\000p\000r\000o\000f\000o\000n\000d}{chapter.2}% 14
\BOOKMARK [0][-]{chapter.3}{\376\377\000F\000o\000n\000d\000a\000t\000i\000o\000n\000\040\000e\000t\000\040\000c\000o\000n\000s\000t\000r\000u\000c\000t\000i\000o\000n\000\040\000d\000e\000\040\000l\000'\000e\000n\000v\000i\000r\000o\000n\000n\000e\000m\000e\000n\000t\000\040\000M\000u\000l\000t\000i\000-\000F\000i\000d\000\351\000l\000i\000t\000\351}{}% 15
\BOOKMARK [1][-]{section.3.1}{\376\377\000E\000n\000v\000i\000r\000o\000n\000n\000e\000m\000e\000n\000t\000\040\000d\000e\000\040\000t\000r\000a\000v\000a\000i\000l\000\040\000e\000t\000\040\000a\000r\000c\000h\000i\000t\000e\000c\000t\000u\000r\000e\000\040\000h\000y\000b\000r\000i\000d\000e}{chapter.3}% 16
\BOOKMARK [1][-]{section.3.2}{\376\377\000S\000\351\000l\000e\000c\000t\000i\000o\000n\000\040\000d\000u\000\040\000j\000e\000u\000\040\000d\000e\000\040\000d\000o\000n\000n\000\351\000e\000s}{chapter.3}% 17
\BOOKMARK [1][-]{section.3.3}{\376\377\000D\000\351\000c\000o\000u\000p\000a\000g\000e\000\040\000e\000t\000\040\000r\000\351\000p\000a\000r\000t\000i\000t\000i\000o\000n\000\040\000d\000e\000s\000\040\000d\000o\000n\000n\000\351\000e\000s}{chapter.3}% 18
\BOOKMARK [1][-]{section.3.4}{\376\377\000P\000i\000p\000e\000l\000i\000n\000e\000\040\000d\000e\000\040\000d\000\351\000g\000r\000a\000d\000a\000t\000i\000o\000n\000\040\000d\000e\000\040\000l\000a\000\040\000q\000u\000a\000l\000i\000t\000\351}{chapter.3}% 19
\BOOKMARK [1][-]{section.3.5}{\376\377\000D\000\351\000f\000i\000n\000i\000t\000i\000o\000n\000\040\000d\000e\000\040\000l\000a\000\040\000m\000\351\000t\000r\000i\000q\000u\000e\000\040\000d\000e\000\040\000c\000o\000\373\000t}{chapter.3}% 20
\BOOKMARK [1][-]{section.3.6}{\376\377\000S\000\351\000l\000e\000c\000t\000i\000o\000n\000\040\000e\000t\000\040\000j\000u\000s\000t\000i\000f\000i\000c\000a\000t\000i\000o\000n\000\040\000d\000e\000\040\000l\000'\000a\000r\000c\000h\000i\000t\000e\000c\000t\000u\000r\000e\000\040\000n\000e\000u\000r\000o\000n\000a\000l\000e}{chapter.3}% 21
\BOOKMARK [2][-]{subsection.3.6.1}{\376\377\000M\000\351\000c\000a\000n\000i\000q\000u\000e\000\040\000i\000n\000t\000e\000r\000n\000e\000\040\000d\000e\000\040\000R\000e\000s\000N\000e\000t\000-\0001\0008}{section.3.6}% 22
\BOOKMARK [2][-]{subsection.3.6.2}{\376\377\000J\000u\000s\000t\000i\000f\000i\000c\000a\000t\000i\000o\000n\000\040\000d\000e\000s\000\040\000h\000y\000p\000e\000r\000p\000a\000r\000a\000m\000\350\000t\000r\000e\000s\000\040\000e\000t\000\040\000d\000e\000\040\000l\000a\000\040\000f\000o\000n\000c\000t\000i\000o\000n\000\040\000d\000e\000\040\000c\000o\000\373\000t}{section.3.6}% 23
\BOOKMARK [2][-]{subsection.3.6.3}{\376\377\000P\000r\000\351\000t\000r\000a\000i\000t\000e\000m\000e\000n\000t\000\040\000e\000t\000\040\000o\000p\000t\000i\000m\000i\000s\000a\000t\000i\000o\000n\000s\000\040\000m\000a\000t\000\351\000r\000i\000e\000l\000l\000e\000s}{section.3.6}% 24
\BOOKMARK [0][-]{chapter.4}{\376\377\000C\000o\000n\000s\000t\000r\000u\000c\000t\000i\000o\000n\000\040\000d\000e\000s\000\040\000M\000o\000d\000\350\000l\000e\000s\000\040\000d\000e\000\040\000R\000\351\000f\000\351\000r\000e\000n\000c\000e}{}% 25
\BOOKMARK [1][-]{section.4.1}{\376\377\000S\000t\000r\000a\000t\000\351\000g\000i\000e\000\040\000d\000'\000\351\000v\000a\000l\000u\000a\000t\000i\000o\000n\000\040\000c\000r\000o\000i\000s\000\351\000e\000\040\000f\000a\000c\000e\000\040\000a\000u\000\040\000d\000\351\000c\000a\000l\000a\000g\000e\000\040\000d\000e\000\040\000d\000o\000m\000a\000i\000n\000e}{chapter.4}% 26
\BOOKMARK [1][-]{section.4.2}{\376\377\000D\000\351\000f\000i\000n\000i\000t\000i\000o\000n\000\040\000d\000e\000s\000\040\000m\000o\000d\000\350\000l\000e\000s\000\040\000d\000e\000\040\000r\000\351\000f\000\351\000r\000e\000n\000c\000e}{chapter.4}% 27
\BOOKMARK [1][-]{section.4.3}{\376\377\000S\000t\000r\000a\000t\000\351\000g\000i\000e\000\040\000d\000'\000i\000m\000p\000l\000\351\000m\000e\000n\000t\000a\000t\000i\000o\000n\000\040\000l\000o\000g\000i\000c\000i\000e\000l\000l\000e}{chapter.4}% 28
\BOOKMARK [1][-]{section.4.4}{\376\377\000A\000n\000a\000l\000y\000s\000e\000\040\000d\000e\000s\000\040\000r\000\351\000s\000u\000l\000t\000a\000t\000s}{chapter.4}% 29
\BOOKMARK [0][-]{chapter.5}{\376\377\000S\000t\000r\000a\000t\000\351\000g\000i\000e\000s\000\040\000M\000u\000l\000t\000i\000-\000F\000i\000d\000\351\000l\000i\000t\000\351}{}% 30
\BOOKMARK [1][-]{section.5.1}{\376\377\000S\000t\000r\000a\000t\000\351\000g\000i\000e\000\040\0001\000\040\040\023\000\040\000T\000r\000a\000n\000s\000f\000e\000r\000\040\000L\000e\000a\000r\000n\000i\000n\000g\000\040\000S\000\351\000q\000u\000e\000n\000t\000i\000e\000l\000\040\000\050\000B\000F\000\040\000\040\000H\000F\000\051}{chapter.5}% 31
\BOOKMARK [2][-]{subsection.5.1.1}{\376\377\000P\000r\000o\000t\000o\000c\000o\000l\000e}{section.5.1}% 32
\BOOKMARK [2][-]{subsection.5.1.2}{\376\377\000R\000\351\000s\000u\000l\000t\000a\000t\000s\000\040\000q\000u\000a\000n\000t\000i\000t\000a\000t\000i\000f\000s\000\040\000o\000b\000t\000e\000n\000u\000s}{section.5.1}% 33
\BOOKMARK [2][-]{subsection.5.1.3}{\376\377\000C\000o\000m\000p\000a\000r\000a\000i\000s\000o\000n\000\040\000a\000v\000e\000c\000\040\000l\000e\000s\000\040\000b\000a\000s\000e\000l\000i\000n\000e\000s\000\040\000d\000u\000\040\000C\000h\000a\000p\000i\000t\000r\000e\000\040\0003}{section.5.1}% 34
\BOOKMARK [2][-]{subsection.5.1.4}{\376\377\000A\000n\000a\000l\000y\000s\000e\000\040\000:\000\040\000c\000e\000\040\000q\000u\000i\000\040\000a\000\040\000m\000a\000r\000c\000h\000\351\000,\000\040\000c\000e\000\040\000q\000u\000i\000\040\000a\000\040\000m\000o\000i\000n\000s\000\040\000m\000a\000r\000c\000h\000\351\000,\000\040\000e\000t\000\040\000e\000n\000s\000e\000i\000g\000n\000e\000m\000e\000n\000t\000s}{section.5.1}% 35
\BOOKMARK [1][-]{section.5.2}{\376\377\000S\000t\000r\000a\000t\000\351\000g\000i\000e\000\040\0002\000\040\040\023\000\040\000C\000o\000-\000t\000r\000a\000i\000n\000i\000n\000g\000\040\000p\000a\000r\000\040\000B\000a\000t\000c\000h\000\040\000a\000v\000e\000c\000\040\000P\000o\000n\000d\000\351\000r\000a\000t\000i\000o\000n\000\040\000\050\000R\000e\000w\000e\000i\000g\000h\000t\000i\000n\000g\000\051}{chapter.5}% 36
\BOOKMARK [2][-]{subsection.5.2.1}{\376\377\000P\000r\000o\000t\000o\000c\000o\000l\000e}{section.5.2}% 37
\BOOKMARK [2][-]{subsection.5.2.2}{\376\377\000R\000\351\000s\000u\000l\000t\000a\000t\000s\000\040\000q\000u\000a\000n\000t\000i\000t\000a\000t\000i\000f\000s\000\040\000o\000b\000t\000e\000n\000u\000s}{section.5.2}% 38
\BOOKMARK [2][-]{subsection.5.2.3}{\376\377\000C\000o\000m\000p\000a\000r\000a\000i\000s\000o\000n\000\040\000a\000v\000e\000c\000\040\000l\000e\000s\000\040\000b\000a\000s\000e\000l\000i\000n\000e\000s\000\040\000e\000t\000\040\000l\000a\000\040\000S\000t\000r\000a\000t\000\351\000g\000i\000e\000\040\0001}{section.5.2}% 39
\BOOKMARK [2][-]{subsection.5.2.4}{\376\377\000A\000n\000a\000l\000y\000s\000e\000\040\000:\000\040\000c\000e\000\040\000q\000u\000i\000\040\000a\000\040\000m\000a\000r\000c\000h\000\351\000,\000\040\000c\000e\000\040\000q\000u\000i\000\040\000a\000\040\000m\000o\000i\000n\000s\000\040\000m\000a\000r\000c\000h\000\351\000,\000\040\000e\000t\000\040\000e\000n\000s\000e\000i\000g\000n\000e\000m\000e\000n\000t\000s}{section.5.2}% 40
\BOOKMARK [1][-]{section.5.3}{\376\377\000S\000t\000r\000a\000t\000\351\000g\000i\000e\000\040\0003\000\040\040\023\000\040\000C\000u\000r\000r\000i\000c\000u\000l\000u\000m\000\040\000L\000e\000a\000r\000n\000i\000n\000g\000\040\000p\000r\000o\000g\000r\000e\000s\000s\000i\000f}{chapter.5}% 41
\BOOKMARK [2][-]{subsection.5.3.1}{\376\377\000P\000r\000o\000t\000o\000c\000o\000l\000e}{section.5.3}% 42
\BOOKMARK [2][-]{subsection.5.3.2}{\376\377\000R\000\351\000s\000u\000l\000t\000a\000t\000s\000\040\000q\000u\000a\000n\000t\000i\000t\000a\000t\000i\000f\000s\000\040\000o\000b\000t\000e\000n\000u\000s}{section.5.3}% 43
\BOOKMARK [2][-]{subsection.5.3.3}{\376\377\000C\000o\000m\000p\000a\000r\000a\000i\000s\000o\000n\000\040\000a\000v\000e\000c\000\040\000l\000e\000s\000\040\000b\000a\000s\000e\000l\000i\000n\000e\000s\000\040\000e\000t\000\040\000l\000e\000s\000\040\000s\000t\000r\000a\000t\000\351\000g\000i\000e\000s\000\040\000p\000r\000\351\000c\000\351\000d\000e\000n\000t\000e\000s}{section.5.3}% 44
\BOOKMARK [2][-]{subsection.5.3.4}{\376\377\000A\000n\000a\000l\000y\000s\000e\000\040\000:\000\040\000c\000e\000\040\000q\000u\000i\000\040\000a\000\040\000m\000a\000r\000c\000h\000\351\000,\000\040\000c\000e\000\040\000q\000u\000i\000\040\000a\000\040\000m\000o\000i\000n\000s\000\040\000m\000a\000r\000c\000h\000\351\000,\000\040\000e\000t\000\040\000e\000n\000s\000e\000i\000g\000n\000e\000m\000e\000n\000t\000s}{section.5.3}% 45
\BOOKMARK [1][-]{section.5.4}{\376\377\000S\000t\000r\000a\000t\000\351\000g\000i\000e\000\040\0004\000\040\040\023\000\040\000E\000l\000a\000s\000t\000i\000c\000\040\000W\000e\000i\000g\000h\000t\000\040\000C\000o\000n\000s\000o\000l\000i\000d\000a\000t\000i\000o\000n\000\040\000\050\000E\000W\000C\000\051}{chapter.5}% 46
\BOOKMARK [2][-]{subsection.5.4.1}{\376\377\000P\000r\000o\000t\000o\000c\000o\000l\000e}{section.5.4}% 47
\BOOKMARK [2][-]{subsection.5.4.2}{\376\377\000R\000\351\000s\000u\000l\000t\000a\000t\000s\000\040\000q\000u\000a\000n\000t\000i\000t\000a\000t\000i\000f\000s\000\040\000o\000b\000t\000e\000n\000u\000s}{section.5.4}% 48
\BOOKMARK [2][-]{subsection.5.4.3}{\376\377\000C\000o\000m\000p\000a\000r\000a\000i\000s\000o\000n\000\040\000g\000l\000o\000b\000a\000l\000e\000\040\000d\000e\000s\000\040\000s\000t\000r\000a\000t\000\351\000g\000i\000e\000s}{section.5.4}% 49
\BOOKMARK [2][-]{subsection.5.4.4}{\376\377\000A\000n\000a\000l\000y\000s\000e\000\040\000:\000\040\000c\000e\000\040\000q\000u\000i\000\040\000a\000\040\000m\000a\000r\000c\000h\000\351\000,\000\040\000c\000e\000\040\000q\000u\000i\000\040\000a\000\040\000m\000o\000i\000n\000s\000\040\000m\000a\000r\000c\000h\000\351\000,\000\040\000e\000t\000\040\000e\000n\000s\000e\000i\000g\000n\000e\000m\000e\000n\000t\000s}{section.5.4}% 50
\BOOKMARK [0][-]{chapter.6}{\376\377\000O\000p\000t\000i\000m\000i\000s\000a\000t\000i\000o\000n\000\040\000d\000e\000s\000\040\000h\000y\000p\000e\000r\000p\000a\000r\000a\000m\000\350\000t\000r\000e\000s\000\040\000\050\000O\000p\000t\000u\000n\000a\000\051}{}% 51
\BOOKMARK [1][-]{section.6.1}{\376\377\000M\000\351\000t\000h\000o\000d\000e}{chapter.6}% 52
\BOOKMARK [1][-]{section.6.2}{\376\377\000R\000\351\000s\000u\000l\000t\000a\000t\000s}{chapter.6}% 53
\BOOKMARK [1][-]{section.6.3}{\376\377\000A\000n\000a\000l\000y\000s\000e}{chapter.6}% 54
\BOOKMARK [0][-]{chapter.7}{\376\377\000A\000n\000a\000l\000y\000s\000e\000s\000\040\000d\000e\000\040\000r\000o\000b\000u\000s\000t\000e\000s\000s\000e\000\040\000e\000t\000\040\000d\000e\000\040\000s\000e\000n\000s\000i\000b\000i\000l\000i\000t\000\351}{}% 55
\BOOKMARK [1][-]{section.7.1}{\376\377\000R\000o\000b\000u\000s\000t\000e\000s\000s\000e\000\040\000f\000a\000c\000e\000\040\000\340\000\040\000l\000a\000\040\000d\000\351\000g\000r\000a\000d\000a\000t\000i\000o\000n}{chapter.7}% 56
\BOOKMARK [2][-]{subsection.7.1.1}{\376\377\000P\000r\000o\000t\000o\000c\000o\000l\000e}{section.7.1}% 57
\BOOKMARK [2][-]{subsection.7.1.2}{\376\377\000R\000\351\000s\000u\000l\000t\000a\000t\000s\000\040\000e\000t\000\040\000e\000n\000s\000e\000i\000g\000n\000e\000m\000e\000n\000t\000s}{section.7.1}% 58
\BOOKMARK [1][-]{section.7.2}{\376\377\000S\000e\000n\000s\000i\000b\000i\000l\000i\000t\000\351\000\040\000a\000u\000\040\000r\000a\000t\000i\000o\000\040\000d\000e\000\040\000c\000o\000\373\000t\000\040\000H\000F\000:\000B\000F}{chapter.7}% 59
\BOOKMARK [2][-]{subsection.7.2.1}{\376\377\000P\000r\000o\000t\000o\000c\000o\000l\000e}{section.7.2}% 60
\BOOKMARK [2][-]{subsection.7.2.2}{\376\377\000R\000\351\000s\000u\000l\000t\000a\000t\000s\000\040\000e\000t\000\040\000e\000n\000s\000e\000i\000g\000n\000e\000m\000e\000n\000t\000s}{section.7.2}% 61
\BOOKMARK [0][-]{chapter.8}{\376\377\000S\000y\000n\000t\000h\000\350\000s\000e\000\040\000g\000l\000o\000b\000a\000l\000e\000\040\000e\000t\000\040\000c\000o\000m\000p\000a\000r\000a\000i\000s\000o\000n\000\040\000t\000r\000a\000n\000s\000v\000e\000r\000s\000a\000l\000e}{}% 62
\BOOKMARK [1][-]{section.8.1}{\376\377\000B\000i\000l\000a\000n\000\040\000d\000e\000\040\000p\000e\000r\000f\000o\000r\000m\000a\000n\000c\000e}{chapter.8}% 63
\BOOKMARK [1][-]{section.8.2}{\376\377\000C\000o\000m\000p\000r\000o\000m\000i\000s\000\040\000c\000o\000\373\000t\000\040\000/\000\040\000p\000e\000r\000f\000o\000r\000m\000a\000n\000c\000e}{chapter.8}% 64
\BOOKMARK [1][-]{section.8.3}{\376\377\000R\000o\000b\000u\000s\000t\000e\000s\000s\000e\000\040\000d\000e\000s\000\040\000c\000o\000n\000c\000l\000u\000s\000i\000o\000n\000s}{chapter.8}% 65
\BOOKMARK [0][-]{chapter.9}{\376\377\000C\000o\000n\000c\000l\000u\000s\000i\000o\000n\000\040\000e\000t\000\040\000p\000e\000r\000s\000p\000e\000c\000t\000i\000v\000e\000s}{}% 66
\BOOKMARK [1][-]{section.9.1}{\376\377\000B\000i\000l\000a\000n}{chapter.9}% 67
\BOOKMARK [1][-]{section.9.2}{\376\377\000L\000i\000m\000i\000t\000e\000s}{chapter.9}% 68
\BOOKMARK [1][-]{section.9.3}{\376\377\000P\000e\000r\000s\000p\000e\000c\000t\000i\000v\000e\000s}{chapter.9}% 69
\BOOKMARK [0][-]{appendix.A}{\376\377\000A\000m\000\351\000l\000i\000o\000r\000a\000t\000i\000o\000n\000s\000\040\000p\000o\000s\000s\000i\000b\000l\000e\000s\000\040\000d\000e\000s\000\040\000m\000\351\000t\000h\000o\000d\000e\000s}{}% 70
\BOOKMARK [1][-]{section.A.1}{\376\377\000S\000t\000r\000a\000t\000\351\000g\000i\000e\000\040\0001\000\040\040\024\000\040\000T\000r\000a\000n\000s\000f\000e\000r\000\040\000L\000e\000a\000r\000n\000i\000n\000g\000\040\000s\000\351\000q\000u\000e\000n\000t\000i\000e\000l\000\040\000\050\000B\000F\000\040\000\040\000H\000F\000\051}{appendix.A}% 71
\BOOKMARK [1][-]{section.A.2}{\376\377\000S\000t\000r\000a\000t\000\351\000g\000i\000e\000\040\0002\000\040\040\024\000\040\000C\000o\000-\000t\000r\000a\000i\000n\000i\000n\000g\000\040\000p\000o\000n\000d\000\351\000r\000\351\000\040\000\050\000R\000e\000w\000e\000i\000g\000h\000t\000i\000n\000g\000\051}{appendix.A}% 72
\BOOKMARK [1][-]{section.A.3}{\376\377\000S\000t\000r\000a\000t\000\351\000g\000i\000e\000\040\0003\000\040\040\024\000\040\000C\000u\000r\000r\000i\000c\000u\000l\000u\000m\000\040\000L\000e\000a\000r\000n\000i\000n\000g\000\040\000p\000r\000o\000g\000r\000e\000s\000s\000i\000f}{appendix.A}% 73
\BOOKMARK [1][-]{section.A.4}{\376\377\000S\000t\000r\000a\000t\000\351\000g\000i\000e\000\040\0004\000\040\040\024\000\040\000E\000l\000a\000s\000t\000i\000c\000\040\000W\000e\000i\000g\000h\000t\000\040\000C\000o\000n\000s\000o\000l\000i\000d\000a\000t\000i\000o\000n\000\040\000\050\000E\000W\000C\000\051}{appendix.A}% 74
